{"/home/rafael/Estudos JS/ufc-api/src/app.js": {"path":"/home/rafael/Estudos JS/ufc-api/src/app.js","statementMap":{"0":{"start":{"line":1,"column":16},"end":{"line":1,"column":34}},"1":{"start":{"line":2,"column":13},"end":{"line":2,"column":28}},"2":{"start":{"line":3,"column":22},"end":{"line":3,"column":55}},"3":{"start":{"line":4,"column":22},"end":{"line":4,"column":55}},"4":{"start":{"line":5,"column":20},"end":{"line":5,"column":51}},"5":{"start":{"line":6,"column":20},"end":{"line":6,"column":51}},"6":{"start":{"line":8,"column":12},"end":{"line":8,"column":21}},"7":{"start":{"line":10,"column":0},"end":{"line":10,"column":24}},"8":{"start":{"line":12,"column":0},"end":{"line":12,"column":16}},"9":{"start":{"line":14,"column":0},"end":{"line":14,"column":35}},"10":{"start":{"line":16,"column":0},"end":{"line":16,"column":35}},"11":{"start":{"line":18,"column":0},"end":{"line":18,"column":31}},"12":{"start":{"line":20,"column":0},"end":{"line":20,"column":31}},"13":{"start":{"line":22,"column":0},"end":{"line":22,"column":21}}},"fnMap":{},"branchMap":{},"s":{"0":1,"1":1,"2":1,"3":1,"4":1,"5":1,"6":1,"7":1,"8":1,"9":1,"10":1,"11":1,"12":1,"13":1},"f":{},"b":{},"_coverageSchema":"1a1c01bbd47fc00a2c39e90264f33305004495a9","hash":"0fcf0c36bed07ac014ad8a87d5bd04c9e0ee0290"}
,"/home/rafael/Estudos JS/ufc-api/src/config/config.js": {"path":"/home/rafael/Estudos JS/ufc-api/src/config/config.js","statementMap":{"0":{"start":{"line":1,"column":0},"end":{"line":3,"column":3}},"1":{"start":{"line":5,"column":15},"end":{"line":12,"column":1}},"2":{"start":{"line":14,"column":0},"end":{"line":18,"column":2}}},"fnMap":{},"branchMap":{"0":{"loc":{"start":{"line":2,"column":8},"end":{"line":2,"column":62}},"type":"cond-expr","locations":[{"start":{"line":2,"column":42},"end":{"line":2,"column":53}},{"start":{"line":2,"column":56},"end":{"line":2,"column":62}}],"line":2}},"s":{"0":1,"1":1,"2":1},"f":{},"b":{"0":[1,0]},"_coverageSchema":"1a1c01bbd47fc00a2c39e90264f33305004495a9","hash":"61d6c5bf465494255d05c50bf2dd994d10b43aa2"}
,"/home/rafael/Estudos JS/ufc-api/src/controller/eventController.js": {"path":"/home/rafael/Estudos JS/ufc-api/src/controller/eventController.js","statementMap":{"0":{"start":{"line":1,"column":21},"end":{"line":1,"column":55}},"1":{"start":{"line":3,"column":20},"end":{"line":12,"column":1}},"2":{"start":{"line":4,"column":22},"end":{"line":4,"column":30}},"3":{"start":{"line":5,"column":4},"end":{"line":11,"column":5}},"4":{"start":{"line":6,"column":25},"end":{"line":6,"column":66}},"5":{"start":{"line":7,"column":8},"end":{"line":7,"column":46}},"6":{"start":{"line":9,"column":8},"end":{"line":9,"column":51}},"7":{"start":{"line":10,"column":8},"end":{"line":10,"column":72}},"8":{"start":{"line":14,"column":21},"end":{"line":30,"column":1}},"9":{"start":{"line":15,"column":19},"end":{"line":15,"column":29}},"10":{"start":{"line":17,"column":4},"end":{"line":29,"column":5}},"11":{"start":{"line":18,"column":25},"end":{"line":18,"column":60}},"12":{"start":{"line":20,"column":8},"end":{"line":23,"column":9}},"13":{"start":{"line":21,"column":12},"end":{"line":21,"column":71}},"14":{"start":{"line":24,"column":8},"end":{"line":24,"column":46}},"15":{"start":{"line":27,"column":8},"end":{"line":27,"column":52}},"16":{"start":{"line":28,"column":8},"end":{"line":28,"column":72}},"17":{"start":{"line":32,"column":31},"end":{"line":46,"column":1}},"18":{"start":{"line":33,"column":4},"end":{"line":45,"column":5}},"19":{"start":{"line":34,"column":25},"end":{"line":34,"column":63}},"20":{"start":{"line":36,"column":8},"end":{"line":39,"column":9}},"21":{"start":{"line":37,"column":12},"end":{"line":37,"column":72}},"22":{"start":{"line":40,"column":8},"end":{"line":40,"column":46}},"23":{"start":{"line":43,"column":8},"end":{"line":43,"column":57}},"24":{"start":{"line":44,"column":8},"end":{"line":44,"column":72}},"25":{"start":{"line":48,"column":20},"end":{"line":65,"column":1}},"26":{"start":{"line":49,"column":19},"end":{"line":49,"column":29}},"27":{"start":{"line":50,"column":20},"end":{"line":50,"column":28}},"28":{"start":{"line":52,"column":4},"end":{"line":64,"column":5}},"29":{"start":{"line":53,"column":31},"end":{"line":53,"column":74}},"30":{"start":{"line":55,"column":8},"end":{"line":58,"column":9}},"31":{"start":{"line":56,"column":12},"end":{"line":56,"column":91}},"32":{"start":{"line":59,"column":8},"end":{"line":59,"column":77}},"33":{"start":{"line":62,"column":8},"end":{"line":62,"column":51}},"34":{"start":{"line":63,"column":8},"end":{"line":63,"column":72}},"35":{"start":{"line":67,"column":20},"end":{"line":80,"column":1}},"36":{"start":{"line":68,"column":19},"end":{"line":68,"column":29}},"37":{"start":{"line":69,"column":4},"end":{"line":79,"column":5}},"38":{"start":{"line":70,"column":25},"end":{"line":70,"column":59}},"39":{"start":{"line":71,"column":8},"end":{"line":73,"column":9}},"40":{"start":{"line":72,"column":12},"end":{"line":72,"column":90}},"41":{"start":{"line":74,"column":8},"end":{"line":74,"column":64}},"42":{"start":{"line":77,"column":8},"end":{"line":77,"column":51}},"43":{"start":{"line":78,"column":8},"end":{"line":78,"column":72}},"44":{"start":{"line":84,"column":0},"end":{"line":90,"column":1}}},"fnMap":{"0":{"name":"(anonymous_0)","decl":{"start":{"line":3,"column":20},"end":{"line":3,"column":21}},"loc":{"start":{"line":3,"column":40},"end":{"line":12,"column":1}},"line":3},"1":{"name":"(anonymous_1)","decl":{"start":{"line":14,"column":21},"end":{"line":14,"column":22}},"loc":{"start":{"line":14,"column":41},"end":{"line":30,"column":1}},"line":14},"2":{"name":"(anonymous_2)","decl":{"start":{"line":32,"column":31},"end":{"line":32,"column":32}},"loc":{"start":{"line":32,"column":51},"end":{"line":46,"column":1}},"line":32},"3":{"name":"(anonymous_3)","decl":{"start":{"line":48,"column":20},"end":{"line":48,"column":21}},"loc":{"start":{"line":48,"column":40},"end":{"line":65,"column":1}},"line":48},"4":{"name":"(anonymous_4)","decl":{"start":{"line":67,"column":20},"end":{"line":67,"column":21}},"loc":{"start":{"line":67,"column":40},"end":{"line":80,"column":1}},"line":67}},"branchMap":{"0":{"loc":{"start":{"line":20,"column":8},"end":{"line":23,"column":9}},"type":"if","locations":[{"start":{"line":20,"column":8},"end":{"line":23,"column":9}},{"start":{},"end":{}}],"line":20},"1":{"loc":{"start":{"line":36,"column":8},"end":{"line":39,"column":9}},"type":"if","locations":[{"start":{"line":36,"column":8},"end":{"line":39,"column":9}},{"start":{},"end":{}}],"line":36},"2":{"loc":{"start":{"line":55,"column":8},"end":{"line":58,"column":9}},"type":"if","locations":[{"start":{"line":55,"column":8},"end":{"line":58,"column":9}},{"start":{},"end":{}}],"line":55},"3":{"loc":{"start":{"line":71,"column":8},"end":{"line":73,"column":9}},"type":"if","locations":[{"start":{"line":71,"column":8},"end":{"line":73,"column":9}},{"start":{},"end":{}}],"line":71}},"s":{"0":1,"1":1,"2":0,"3":0,"4":0,"5":0,"6":0,"7":0,"8":1,"9":0,"10":0,"11":0,"12":0,"13":0,"14":0,"15":0,"16":0,"17":1,"18":0,"19":0,"20":0,"21":0,"22":0,"23":0,"24":0,"25":1,"26":0,"27":0,"28":0,"29":0,"30":0,"31":0,"32":0,"33":0,"34":0,"35":1,"36":0,"37":0,"38":0,"39":0,"40":0,"41":0,"42":0,"43":0,"44":1},"f":{"0":0,"1":0,"2":0,"3":0,"4":0},"b":{"0":[0,0],"1":[0,0],"2":[0,0],"3":[0,0]},"_coverageSchema":"1a1c01bbd47fc00a2c39e90264f33305004495a9","hash":"1984930f83191249aba578f68f4a9c0d2088703a"}
,"/home/rafael/Estudos JS/ufc-api/src/controller/fightController.js": {"path":"/home/rafael/Estudos JS/ufc-api/src/controller/fightController.js","statementMap":{"0":{"start":{"line":1,"column":21},"end":{"line":1,"column":55}},"1":{"start":{"line":3,"column":20},"end":{"line":12,"column":1}},"2":{"start":{"line":4,"column":22},"end":{"line":4,"column":30}},"3":{"start":{"line":5,"column":4},"end":{"line":11,"column":5}},"4":{"start":{"line":6,"column":25},"end":{"line":6,"column":66}},"5":{"start":{"line":7,"column":8},"end":{"line":7,"column":46}},"6":{"start":{"line":9,"column":8},"end":{"line":9,"column":51}},"7":{"start":{"line":10,"column":8},"end":{"line":10,"column":72}},"8":{"start":{"line":14,"column":21},"end":{"line":30,"column":1}},"9":{"start":{"line":15,"column":19},"end":{"line":15,"column":29}},"10":{"start":{"line":17,"column":4},"end":{"line":29,"column":5}},"11":{"start":{"line":18,"column":25},"end":{"line":18,"column":60}},"12":{"start":{"line":20,"column":8},"end":{"line":23,"column":9}},"13":{"start":{"line":21,"column":12},"end":{"line":21,"column":71}},"14":{"start":{"line":24,"column":8},"end":{"line":24,"column":46}},"15":{"start":{"line":27,"column":8},"end":{"line":27,"column":52}},"16":{"start":{"line":28,"column":8},"end":{"line":28,"column":72}},"17":{"start":{"line":32,"column":29},"end":{"line":47,"column":1}},"18":{"start":{"line":33,"column":24},"end":{"line":33,"column":34}},"19":{"start":{"line":35,"column":2},"end":{"line":46,"column":3}},"20":{"start":{"line":36,"column":23},"end":{"line":36,"column":72}},"21":{"start":{"line":37,"column":6},"end":{"line":40,"column":7}},"22":{"start":{"line":38,"column":10},"end":{"line":38,"column":70}},"23":{"start":{"line":41,"column":6},"end":{"line":41,"column":44}},"24":{"start":{"line":44,"column":6},"end":{"line":44,"column":58}},"25":{"start":{"line":45,"column":6},"end":{"line":45,"column":70}},"26":{"start":{"line":49,"column":27},"end":{"line":61,"column":1}},"27":{"start":{"line":50,"column":22},"end":{"line":50,"column":32}},"28":{"start":{"line":51,"column":2},"end":{"line":60,"column":3}},"29":{"start":{"line":52,"column":21},"end":{"line":52,"column":67}},"30":{"start":{"line":53,"column":4},"end":{"line":55,"column":5}},"31":{"start":{"line":54,"column":6},"end":{"line":54,"column":66}},"32":{"start":{"line":56,"column":4},"end":{"line":56,"column":42}},"33":{"start":{"line":58,"column":4},"end":{"line":58,"column":55}},"34":{"start":{"line":59,"column":4},"end":{"line":59,"column":69}},"35":{"start":{"line":63,"column":35},"end":{"line":75,"column":1}},"36":{"start":{"line":64,"column":17},"end":{"line":64,"column":27}},"37":{"start":{"line":65,"column":2},"end":{"line":74,"column":3}},"38":{"start":{"line":66,"column":21},"end":{"line":66,"column":71}},"39":{"start":{"line":67,"column":4},"end":{"line":69,"column":5}},"40":{"start":{"line":68,"column":6},"end":{"line":68,"column":70}},"41":{"start":{"line":70,"column":4},"end":{"line":70,"column":42}},"42":{"start":{"line":72,"column":4},"end":{"line":72,"column":64}},"43":{"start":{"line":73,"column":4},"end":{"line":73,"column":69}},"44":{"start":{"line":77,"column":20},"end":{"line":94,"column":1}},"45":{"start":{"line":78,"column":19},"end":{"line":78,"column":29}},"46":{"start":{"line":79,"column":20},"end":{"line":79,"column":28}},"47":{"start":{"line":81,"column":4},"end":{"line":93,"column":5}},"48":{"start":{"line":82,"column":31},"end":{"line":82,"column":74}},"49":{"start":{"line":84,"column":8},"end":{"line":87,"column":9}},"50":{"start":{"line":85,"column":12},"end":{"line":85,"column":91}},"51":{"start":{"line":88,"column":8},"end":{"line":88,"column":77}},"52":{"start":{"line":91,"column":8},"end":{"line":91,"column":51}},"53":{"start":{"line":92,"column":8},"end":{"line":92,"column":72}},"54":{"start":{"line":96,"column":20},"end":{"line":109,"column":1}},"55":{"start":{"line":97,"column":19},"end":{"line":97,"column":29}},"56":{"start":{"line":98,"column":4},"end":{"line":108,"column":5}},"57":{"start":{"line":99,"column":25},"end":{"line":99,"column":59}},"58":{"start":{"line":100,"column":8},"end":{"line":102,"column":9}},"59":{"start":{"line":101,"column":12},"end":{"line":101,"column":90}},"60":{"start":{"line":103,"column":8},"end":{"line":103,"column":64}},"61":{"start":{"line":106,"column":8},"end":{"line":106,"column":51}},"62":{"start":{"line":107,"column":8},"end":{"line":107,"column":72}},"63":{"start":{"line":111,"column":0},"end":{"line":119,"column":1}}},"fnMap":{"0":{"name":"(anonymous_0)","decl":{"start":{"line":3,"column":20},"end":{"line":3,"column":21}},"loc":{"start":{"line":3,"column":40},"end":{"line":12,"column":1}},"line":3},"1":{"name":"(anonymous_1)","decl":{"start":{"line":14,"column":21},"end":{"line":14,"column":22}},"loc":{"start":{"line":14,"column":41},"end":{"line":30,"column":1}},"line":14},"2":{"name":"(anonymous_2)","decl":{"start":{"line":32,"column":29},"end":{"line":32,"column":30}},"loc":{"start":{"line":32,"column":49},"end":{"line":47,"column":1}},"line":32},"3":{"name":"(anonymous_3)","decl":{"start":{"line":49,"column":27},"end":{"line":49,"column":28}},"loc":{"start":{"line":49,"column":47},"end":{"line":61,"column":1}},"line":49},"4":{"name":"(anonymous_4)","decl":{"start":{"line":63,"column":35},"end":{"line":63,"column":36}},"loc":{"start":{"line":63,"column":55},"end":{"line":75,"column":1}},"line":63},"5":{"name":"(anonymous_5)","decl":{"start":{"line":77,"column":20},"end":{"line":77,"column":21}},"loc":{"start":{"line":77,"column":40},"end":{"line":94,"column":1}},"line":77},"6":{"name":"(anonymous_6)","decl":{"start":{"line":96,"column":20},"end":{"line":96,"column":21}},"loc":{"start":{"line":96,"column":40},"end":{"line":109,"column":1}},"line":96}},"branchMap":{"0":{"loc":{"start":{"line":20,"column":8},"end":{"line":23,"column":9}},"type":"if","locations":[{"start":{"line":20,"column":8},"end":{"line":23,"column":9}},{"start":{},"end":{}}],"line":20},"1":{"loc":{"start":{"line":37,"column":6},"end":{"line":40,"column":7}},"type":"if","locations":[{"start":{"line":37,"column":6},"end":{"line":40,"column":7}},{"start":{},"end":{}}],"line":37},"2":{"loc":{"start":{"line":53,"column":4},"end":{"line":55,"column":5}},"type":"if","locations":[{"start":{"line":53,"column":4},"end":{"line":55,"column":5}},{"start":{},"end":{}}],"line":53},"3":{"loc":{"start":{"line":67,"column":4},"end":{"line":69,"column":5}},"type":"if","locations":[{"start":{"line":67,"column":4},"end":{"line":69,"column":5}},{"start":{},"end":{}}],"line":67},"4":{"loc":{"start":{"line":84,"column":8},"end":{"line":87,"column":9}},"type":"if","locations":[{"start":{"line":84,"column":8},"end":{"line":87,"column":9}},{"start":{},"end":{}}],"line":84},"5":{"loc":{"start":{"line":100,"column":8},"end":{"line":102,"column":9}},"type":"if","locations":[{"start":{"line":100,"column":8},"end":{"line":102,"column":9}},{"start":{},"end":{}}],"line":100}},"s":{"0":1,"1":1,"2":0,"3":0,"4":0,"5":0,"6":0,"7":0,"8":1,"9":0,"10":0,"11":0,"12":0,"13":0,"14":0,"15":0,"16":0,"17":1,"18":0,"19":0,"20":0,"21":0,"22":0,"23":0,"24":0,"25":0,"26":1,"27":0,"28":0,"29":0,"30":0,"31":0,"32":0,"33":0,"34":0,"35":1,"36":0,"37":0,"38":0,"39":0,"40":0,"41":0,"42":0,"43":0,"44":1,"45":0,"46":0,"47":0,"48":0,"49":0,"50":0,"51":0,"52":0,"53":0,"54":1,"55":0,"56":0,"57":0,"58":0,"59":0,"60":0,"61":0,"62":0,"63":1},"f":{"0":0,"1":0,"2":0,"3":0,"4":0,"5":0,"6":0},"b":{"0":[0,0],"1":[0,0],"2":[0,0],"3":[0,0],"4":[0,0],"5":[0,0]},"_coverageSchema":"1a1c01bbd47fc00a2c39e90264f33305004495a9","hash":"cb1275ce3c1ab608eacac80561d5c49cadb7c4b3"}
,"/home/rafael/Estudos JS/ufc-api/src/controller/fighterController.js": {"path":"/home/rafael/Estudos JS/ufc-api/src/controller/fighterController.js","statementMap":{"0":{"start":{"line":1,"column":23},"end":{"line":1,"column":59}},"1":{"start":{"line":3,"column":22},"end":{"line":12,"column":1}},"2":{"start":{"line":4,"column":24},"end":{"line":4,"column":32}},"3":{"start":{"line":5,"column":4},"end":{"line":11,"column":5}},"4":{"start":{"line":6,"column":25},"end":{"line":6,"column":72}},"5":{"start":{"line":7,"column":8},"end":{"line":7,"column":46}},"6":{"start":{"line":9,"column":8},"end":{"line":9,"column":53}},"7":{"start":{"line":10,"column":8},"end":{"line":10,"column":72}},"8":{"start":{"line":14,"column":23},"end":{"line":30,"column":1}},"9":{"start":{"line":15,"column":19},"end":{"line":15,"column":29}},"10":{"start":{"line":17,"column":4},"end":{"line":29,"column":5}},"11":{"start":{"line":18,"column":25},"end":{"line":18,"column":64}},"12":{"start":{"line":20,"column":8},"end":{"line":23,"column":9}},"13":{"start":{"line":21,"column":12},"end":{"line":21,"column":73}},"14":{"start":{"line":24,"column":8},"end":{"line":24,"column":46}},"15":{"start":{"line":27,"column":8},"end":{"line":27,"column":54}},"16":{"start":{"line":28,"column":8},"end":{"line":28,"column":72}},"17":{"start":{"line":32,"column":23},"end":{"line":46,"column":1}},"18":{"start":{"line":33,"column":4},"end":{"line":45,"column":5}},"19":{"start":{"line":34,"column":25},"end":{"line":34,"column":62}},"20":{"start":{"line":36,"column":8},"end":{"line":39,"column":9}},"21":{"start":{"line":37,"column":12},"end":{"line":37,"column":74}},"22":{"start":{"line":40,"column":8},"end":{"line":40,"column":46}},"23":{"start":{"line":43,"column":8},"end":{"line":43,"column":54}},"24":{"start":{"line":44,"column":8},"end":{"line":44,"column":72}},"25":{"start":{"line":48,"column":22},"end":{"line":65,"column":1}},"26":{"start":{"line":49,"column":19},"end":{"line":49,"column":29}},"27":{"start":{"line":50,"column":20},"end":{"line":50,"column":28}},"28":{"start":{"line":52,"column":4},"end":{"line":64,"column":5}},"29":{"start":{"line":53,"column":31},"end":{"line":53,"column":78}},"30":{"start":{"line":55,"column":8},"end":{"line":58,"column":9}},"31":{"start":{"line":56,"column":12},"end":{"line":56,"column":93}},"32":{"start":{"line":59,"column":8},"end":{"line":59,"column":79}},"33":{"start":{"line":62,"column":8},"end":{"line":62,"column":53}},"34":{"start":{"line":63,"column":8},"end":{"line":63,"column":72}},"35":{"start":{"line":67,"column":22},"end":{"line":80,"column":1}},"36":{"start":{"line":68,"column":19},"end":{"line":68,"column":29}},"37":{"start":{"line":69,"column":4},"end":{"line":79,"column":5}},"38":{"start":{"line":70,"column":25},"end":{"line":70,"column":63}},"39":{"start":{"line":71,"column":8},"end":{"line":73,"column":9}},"40":{"start":{"line":72,"column":12},"end":{"line":72,"column":92}},"41":{"start":{"line":74,"column":8},"end":{"line":74,"column":66}},"42":{"start":{"line":77,"column":8},"end":{"line":77,"column":53}},"43":{"start":{"line":78,"column":8},"end":{"line":78,"column":72}},"44":{"start":{"line":84,"column":0},"end":{"line":90,"column":1}}},"fnMap":{"0":{"name":"(anonymous_0)","decl":{"start":{"line":3,"column":22},"end":{"line":3,"column":23}},"loc":{"start":{"line":3,"column":42},"end":{"line":12,"column":1}},"line":3},"1":{"name":"(anonymous_1)","decl":{"start":{"line":14,"column":23},"end":{"line":14,"column":24}},"loc":{"start":{"line":14,"column":43},"end":{"line":30,"column":1}},"line":14},"2":{"name":"(anonymous_2)","decl":{"start":{"line":32,"column":23},"end":{"line":32,"column":24}},"loc":{"start":{"line":32,"column":43},"end":{"line":46,"column":1}},"line":32},"3":{"name":"(anonymous_3)","decl":{"start":{"line":48,"column":22},"end":{"line":48,"column":23}},"loc":{"start":{"line":48,"column":42},"end":{"line":65,"column":1}},"line":48},"4":{"name":"(anonymous_4)","decl":{"start":{"line":67,"column":22},"end":{"line":67,"column":23}},"loc":{"start":{"line":67,"column":42},"end":{"line":80,"column":1}},"line":67}},"branchMap":{"0":{"loc":{"start":{"line":20,"column":8},"end":{"line":23,"column":9}},"type":"if","locations":[{"start":{"line":20,"column":8},"end":{"line":23,"column":9}},{"start":{},"end":{}}],"line":20},"1":{"loc":{"start":{"line":36,"column":8},"end":{"line":39,"column":9}},"type":"if","locations":[{"start":{"line":36,"column":8},"end":{"line":39,"column":9}},{"start":{},"end":{}}],"line":36},"2":{"loc":{"start":{"line":55,"column":8},"end":{"line":58,"column":9}},"type":"if","locations":[{"start":{"line":55,"column":8},"end":{"line":58,"column":9}},{"start":{},"end":{}}],"line":55},"3":{"loc":{"start":{"line":71,"column":8},"end":{"line":73,"column":9}},"type":"if","locations":[{"start":{"line":71,"column":8},"end":{"line":73,"column":9}},{"start":{},"end":{}}],"line":71}},"s":{"0":1,"1":1,"2":7,"3":7,"4":7,"5":7,"6":0,"7":0,"8":1,"9":3,"10":3,"11":3,"12":3,"13":1,"14":2,"15":0,"16":0,"17":1,"18":1,"19":1,"20":1,"21":0,"22":1,"23":0,"24":0,"25":1,"26":1,"27":1,"28":1,"29":1,"30":1,"31":0,"32":1,"33":0,"34":0,"35":1,"36":1,"37":1,"38":1,"39":1,"40":0,"41":1,"42":0,"43":0,"44":1},"f":{"0":7,"1":3,"2":1,"3":1,"4":1},"b":{"0":[1,2],"1":[0,1],"2":[0,1],"3":[0,1]},"_coverageSchema":"1a1c01bbd47fc00a2c39e90264f33305004495a9","hash":"9486242f581dd249957afa56ab768f41be1ad371"}
,"/home/rafael/Estudos JS/ufc-api/src/controller/rankingController.js": {"path":"/home/rafael/Estudos JS/ufc-api/src/controller/rankingController.js","statementMap":{"0":{"start":{"line":1,"column":23},"end":{"line":1,"column":59}},"1":{"start":{"line":3,"column":29},"end":{"line":13,"column":1}},"2":{"start":{"line":4,"column":22},"end":{"line":4,"column":30}},"3":{"start":{"line":5,"column":28},"end":{"line":5,"column":38}},"4":{"start":{"line":6,"column":2},"end":{"line":12,"column":3}},"5":{"start":{"line":7,"column":21},"end":{"line":7,"column":89}},"6":{"start":{"line":8,"column":4},"end":{"line":8,"column":44}},"7":{"start":{"line":10,"column":4},"end":{"line":10,"column":55}},"8":{"start":{"line":11,"column":4},"end":{"line":11,"column":69}},"9":{"start":{"line":15,"column":36},"end":{"line":27,"column":1}},"10":{"start":{"line":16,"column":2},"end":{"line":26,"column":3}},"11":{"start":{"line":17,"column":21},"end":{"line":17,"column":71}},"12":{"start":{"line":18,"column":4},"end":{"line":20,"column":5}},"13":{"start":{"line":19,"column":6},"end":{"line":19,"column":74}},"14":{"start":{"line":22,"column":4},"end":{"line":22,"column":42}},"15":{"start":{"line":24,"column":4},"end":{"line":24,"column":62}},"16":{"start":{"line":25,"column":4},"end":{"line":25,"column":68}},"17":{"start":{"line":29,"column":28},"end":{"line":39,"column":1}},"18":{"start":{"line":30,"column":23},"end":{"line":30,"column":33}},"19":{"start":{"line":32,"column":2},"end":{"line":38,"column":3}},"20":{"start":{"line":33,"column":21},"end":{"line":33,"column":71}},"21":{"start":{"line":34,"column":4},"end":{"line":34,"column":42}},"22":{"start":{"line":36,"column":4},"end":{"line":36,"column":55}},"23":{"start":{"line":37,"column":4},"end":{"line":37,"column":69}},"24":{"start":{"line":41,"column":40},"end":{"line":53,"column":1}},"25":{"start":{"line":42,"column":17},"end":{"line":42,"column":27}},"26":{"start":{"line":43,"column":2},"end":{"line":52,"column":3}},"27":{"start":{"line":44,"column":21},"end":{"line":44,"column":77}},"28":{"start":{"line":45,"column":4},"end":{"line":47,"column":5}},"29":{"start":{"line":46,"column":6},"end":{"line":46,"column":74}},"30":{"start":{"line":48,"column":4},"end":{"line":48,"column":42}},"31":{"start":{"line":50,"column":4},"end":{"line":50,"column":67}},"32":{"start":{"line":51,"column":4},"end":{"line":51,"column":69}},"33":{"start":{"line":55,"column":23},"end":{"line":66,"column":1}},"34":{"start":{"line":56,"column":2},"end":{"line":65,"column":3}},"35":{"start":{"line":57,"column":21},"end":{"line":57,"column":58}},"36":{"start":{"line":58,"column":4},"end":{"line":60,"column":5}},"37":{"start":{"line":59,"column":8},"end":{"line":59,"column":76}},"38":{"start":{"line":61,"column":4},"end":{"line":61,"column":41}},"39":{"start":{"line":63,"column":6},"end":{"line":63,"column":52}},"40":{"start":{"line":64,"column":6},"end":{"line":64,"column":71}},"41":{"start":{"line":68,"column":22},"end":{"line":80,"column":1}},"42":{"start":{"line":69,"column":17},"end":{"line":69,"column":27}},"43":{"start":{"line":70,"column":2},"end":{"line":79,"column":3}},"44":{"start":{"line":71,"column":21},"end":{"line":71,"column":60}},"45":{"start":{"line":72,"column":4},"end":{"line":74,"column":5}},"46":{"start":{"line":73,"column":8},"end":{"line":73,"column":75}},"47":{"start":{"line":75,"column":4},"end":{"line":75,"column":41}},"48":{"start":{"line":77,"column":6},"end":{"line":77,"column":52}},"49":{"start":{"line":78,"column":6},"end":{"line":78,"column":71}},"50":{"start":{"line":82,"column":0},"end":{"line":89,"column":2}}},"fnMap":{"0":{"name":"(anonymous_0)","decl":{"start":{"line":3,"column":29},"end":{"line":3,"column":30}},"loc":{"start":{"line":3,"column":48},"end":{"line":13,"column":1}},"line":3},"1":{"name":"(anonymous_1)","decl":{"start":{"line":15,"column":36},"end":{"line":15,"column":37}},"loc":{"start":{"line":15,"column":56},"end":{"line":27,"column":1}},"line":15},"2":{"name":"(anonymous_2)","decl":{"start":{"line":29,"column":28},"end":{"line":29,"column":29}},"loc":{"start":{"line":29,"column":48},"end":{"line":39,"column":1}},"line":29},"3":{"name":"(anonymous_3)","decl":{"start":{"line":41,"column":40},"end":{"line":41,"column":41}},"loc":{"start":{"line":41,"column":60},"end":{"line":53,"column":1}},"line":41},"4":{"name":"(anonymous_4)","decl":{"start":{"line":55,"column":23},"end":{"line":55,"column":24}},"loc":{"start":{"line":55,"column":43},"end":{"line":66,"column":1}},"line":55},"5":{"name":"(anonymous_5)","decl":{"start":{"line":68,"column":22},"end":{"line":68,"column":23}},"loc":{"start":{"line":68,"column":42},"end":{"line":80,"column":1}},"line":68}},"branchMap":{"0":{"loc":{"start":{"line":18,"column":4},"end":{"line":20,"column":5}},"type":"if","locations":[{"start":{"line":18,"column":4},"end":{"line":20,"column":5}},{"start":{},"end":{}}],"line":18},"1":{"loc":{"start":{"line":45,"column":4},"end":{"line":47,"column":5}},"type":"if","locations":[{"start":{"line":45,"column":4},"end":{"line":47,"column":5}},{"start":{},"end":{}}],"line":45},"2":{"loc":{"start":{"line":58,"column":4},"end":{"line":60,"column":5}},"type":"if","locations":[{"start":{"line":58,"column":4},"end":{"line":60,"column":5}},{"start":{},"end":{}}],"line":58},"3":{"loc":{"start":{"line":72,"column":4},"end":{"line":74,"column":5}},"type":"if","locations":[{"start":{"line":72,"column":4},"end":{"line":74,"column":5}},{"start":{},"end":{}}],"line":72}},"s":{"0":1,"1":1,"2":0,"3":0,"4":0,"5":0,"6":0,"7":0,"8":0,"9":1,"10":0,"11":0,"12":0,"13":0,"14":0,"15":0,"16":0,"17":1,"18":0,"19":0,"20":0,"21":0,"22":0,"23":0,"24":1,"25":0,"26":0,"27":0,"28":0,"29":0,"30":0,"31":0,"32":0,"33":1,"34":0,"35":0,"36":0,"37":0,"38":0,"39":0,"40":0,"41":1,"42":0,"43":0,"44":0,"45":0,"46":0,"47":0,"48":0,"49":0,"50":1},"f":{"0":0,"1":0,"2":0,"3":0,"4":0,"5":0},"b":{"0":[0,0],"1":[0,0],"2":[0,0],"3":[0,0]},"_coverageSchema":"1a1c01bbd47fc00a2c39e90264f33305004495a9","hash":"cac17ce1c2b9efb183072cb9665ba8eb1ac7d1dc"}
,"/home/rafael/Estudos JS/ufc-api/src/models/event.js": {"path":"/home/rafael/Estudos JS/ufc-api/src/models/event.js","statementMap":{"0":{"start":{"line":1,"column":18},"end":{"line":1,"column":38}},"1":{"start":{"line":3,"column":0},"end":{"line":26,"column":2}},"2":{"start":{"line":11,"column":6},"end":{"line":11,"column":60}},"3":{"start":{"line":14,"column":2},"end":{"line":24,"column":5}},"4":{"start":{"line":25,"column":2},"end":{"line":25,"column":15}}},"fnMap":{"0":{"name":"(anonymous_0)","decl":{"start":{"line":3,"column":17},"end":{"line":3,"column":18}},"loc":{"start":{"line":3,"column":43},"end":{"line":26,"column":1}},"line":3},"1":{"name":"(anonymous_1)","decl":{"start":{"line":10,"column":4},"end":{"line":10,"column":5}},"loc":{"start":{"line":10,"column":29},"end":{"line":12,"column":5}},"line":10}},"branchMap":{},"s":{"0":1,"1":1,"2":1,"3":1,"4":1},"f":{"0":1,"1":1},"b":{},"_coverageSchema":"1a1c01bbd47fc00a2c39e90264f33305004495a9","hash":"af8c2632fef537522fee005e7ae5ec65aa9111c3"}
,"/home/rafael/Estudos JS/ufc-api/src/models/fight.js": {"path":"/home/rafael/Estudos JS/ufc-api/src/models/fight.js","statementMap":{"0":{"start":{"line":1,"column":18},"end":{"line":1,"column":38}},"1":{"start":{"line":3,"column":0},"end":{"line":50,"column":2}},"2":{"start":{"line":11,"column":6},"end":{"line":11,"column":81}},"3":{"start":{"line":12,"column":6},"end":{"line":12,"column":81}},"4":{"start":{"line":13,"column":6},"end":{"line":13,"column":65}},"5":{"start":{"line":15,"column":6},"end":{"line":15,"column":62}},"6":{"start":{"line":18,"column":2},"end":{"line":48,"column":5}},"7":{"start":{"line":49,"column":2},"end":{"line":49,"column":15}}},"fnMap":{"0":{"name":"(anonymous_0)","decl":{"start":{"line":3,"column":17},"end":{"line":3,"column":18}},"loc":{"start":{"line":3,"column":43},"end":{"line":50,"column":1}},"line":3},"1":{"name":"(anonymous_1)","decl":{"start":{"line":10,"column":4},"end":{"line":10,"column":5}},"loc":{"start":{"line":10,"column":29},"end":{"line":16,"column":5}},"line":10}},"branchMap":{},"s":{"0":1,"1":1,"2":1,"3":1,"4":1,"5":1,"6":1,"7":1},"f":{"0":1,"1":1},"b":{},"_coverageSchema":"1a1c01bbd47fc00a2c39e90264f33305004495a9","hash":"20103402b5e9bb5daafdcd1763016d96e392b931"}
,"/home/rafael/Estudos JS/ufc-api/src/models/fighter.js": {"path":"/home/rafael/Estudos JS/ufc-api/src/models/fighter.js","statementMap":{"0":{"start":{"line":1,"column":18},"end":{"line":1,"column":38}},"1":{"start":{"line":3,"column":0},"end":{"line":44,"column":1}},"2":{"start":{"line":6,"column":6},"end":{"line":6,"column":67}},"3":{"start":{"line":8,"column":6},"end":{"line":8,"column":64}},"4":{"start":{"line":9,"column":6},"end":{"line":9,"column":64}},"5":{"start":{"line":10,"column":6},"end":{"line":10,"column":64}},"6":{"start":{"line":15,"column":4},"end":{"line":42,"column":5}},"7":{"start":{"line":43,"column":2},"end":{"line":43,"column":16}}},"fnMap":{"0":{"name":"(anonymous_0)","decl":{"start":{"line":3,"column":17},"end":{"line":3,"column":18}},"loc":{"start":{"line":3,"column":43},"end":{"line":44,"column":1}},"line":3},"1":{"name":"(anonymous_1)","decl":{"start":{"line":5,"column":4},"end":{"line":5,"column":5}},"loc":{"start":{"line":5,"column":29},"end":{"line":12,"column":5}},"line":5}},"branchMap":{},"s":{"0":1,"1":1,"2":1,"3":1,"4":1,"5":1,"6":1,"7":1},"f":{"0":1,"1":1},"b":{},"_coverageSchema":"1a1c01bbd47fc00a2c39e90264f33305004495a9","hash":"d97f27a64d3255b7933c731cacc42a3f0dd47b61"}
,"/home/rafael/Estudos JS/ufc-api/src/models/index.js": {"path":"/home/rafael/Estudos JS/ufc-api/src/models/index.js","statementMap":{"0":{"start":{"line":3,"column":11},"end":{"line":3,"column":24}},"1":{"start":{"line":4,"column":13},"end":{"line":4,"column":28}},"2":{"start":{"line":5,"column":18},"end":{"line":5,"column":38}},"3":{"start":{"line":6,"column":16},"end":{"line":6,"column":34}},"4":{"start":{"line":7,"column":17},"end":{"line":7,"column":42}},"5":{"start":{"line":8,"column":12},"end":{"line":8,"column":49}},"6":{"start":{"line":9,"column":15},"end":{"line":9,"column":63}},"7":{"start":{"line":10,"column":11},"end":{"line":10,"column":13}},"8":{"start":{"line":13,"column":0},"end":{"line":17,"column":1}},"9":{"start":{"line":14,"column":2},"end":{"line":14,"column":74}},"10":{"start":{"line":16,"column":2},"end":{"line":16,"column":87}},"11":{"start":{"line":19,"column":0},"end":{"line":32,"column":5}},"12":{"start":{"line":22,"column":4},"end":{"line":27,"column":6}},"13":{"start":{"line":30,"column":18},"end":{"line":30,"column":85}},"14":{"start":{"line":31,"column":4},"end":{"line":31,"column":27}},"15":{"start":{"line":34,"column":0},"end":{"line":38,"column":3}},"16":{"start":{"line":35,"column":2},"end":{"line":37,"column":3}},"17":{"start":{"line":36,"column":4},"end":{"line":36,"column":32}},"18":{"start":{"line":40,"column":0},"end":{"line":40,"column":25}},"19":{"start":{"line":41,"column":0},"end":{"line":41,"column":25}},"20":{"start":{"line":43,"column":0},"end":{"line":43,"column":20}}},"fnMap":{"0":{"name":"(anonymous_0)","decl":{"start":{"line":21,"column":10},"end":{"line":21,"column":11}},"loc":{"start":{"line":21,"column":18},"end":{"line":28,"column":3}},"line":21},"1":{"name":"(anonymous_1)","decl":{"start":{"line":29,"column":11},"end":{"line":29,"column":12}},"loc":{"start":{"line":29,"column":19},"end":{"line":32,"column":3}},"line":29},"2":{"name":"(anonymous_2)","decl":{"start":{"line":34,"column":24},"end":{"line":34,"column":25}},"loc":{"start":{"line":34,"column":37},"end":{"line":38,"column":1}},"line":34}},"branchMap":{"0":{"loc":{"start":{"line":8,"column":12},"end":{"line":8,"column":49}},"type":"binary-expr","locations":[{"start":{"line":8,"column":12},"end":{"line":8,"column":32}},{"start":{"line":8,"column":36},"end":{"line":8,"column":49}}],"line":8},"1":{"loc":{"start":{"line":13,"column":0},"end":{"line":17,"column":1}},"type":"if","locations":[{"start":{"line":13,"column":0},"end":{"line":17,"column":1}},{"start":{"line":15,"column":7},"end":{"line":17,"column":1}}],"line":13},"2":{"loc":{"start":{"line":23,"column":6},"end":{"line":26,"column":37}},"type":"binary-expr","locations":[{"start":{"line":23,"column":6},"end":{"line":23,"column":29}},{"start":{"line":24,"column":6},"end":{"line":24,"column":23}},{"start":{"line":25,"column":6},"end":{"line":25,"column":30}},{"start":{"line":26,"column":6},"end":{"line":26,"column":37}}],"line":23},"3":{"loc":{"start":{"line":35,"column":2},"end":{"line":37,"column":3}},"type":"if","locations":[{"start":{"line":35,"column":2},"end":{"line":37,"column":3}},{"start":{},"end":{}}],"line":35}},"s":{"0":1,"1":1,"2":1,"3":1,"4":1,"5":1,"6":1,"7":1,"8":1,"9":0,"10":1,"11":1,"12":5,"13":4,"14":4,"15":1,"16":4,"17":4,"18":1,"19":1,"20":1},"f":{"0":5,"1":4,"2":4},"b":{"0":[1,0],"1":[0,1],"2":[5,5,4,4],"3":[4,0]},"_coverageSchema":"1a1c01bbd47fc00a2c39e90264f33305004495a9","hash":"a1c2e586a5b1d087dd7de28b890024cd0521b803"}
,"/home/rafael/Estudos JS/ufc-api/src/models/ranking.js": {"path":"/home/rafael/Estudos JS/ufc-api/src/models/ranking.js","statementMap":{"0":{"start":{"line":1,"column":18},"end":{"line":1,"column":38}},"1":{"start":{"line":3,"column":0},"end":{"line":45,"column":1}},"2":{"start":{"line":6,"column":6},"end":{"line":6,"column":69}},"3":{"start":{"line":10,"column":2},"end":{"line":43,"column":3}},"4":{"start":{"line":44,"column":2},"end":{"line":44,"column":16}}},"fnMap":{"0":{"name":"(anonymous_0)","decl":{"start":{"line":3,"column":17},"end":{"line":3,"column":18}},"loc":{"start":{"line":3,"column":43},"end":{"line":45,"column":1}},"line":3},"1":{"name":"(anonymous_1)","decl":{"start":{"line":5,"column":4},"end":{"line":5,"column":5}},"loc":{"start":{"line":5,"column":29},"end":{"line":7,"column":5}},"line":5}},"branchMap":{},"s":{"0":1,"1":1,"2":1,"3":1,"4":1},"f":{"0":1,"1":1},"b":{},"_coverageSchema":"1a1c01bbd47fc00a2c39e90264f33305004495a9","hash":"c0327276115c3ff5925ac4721503365e664c2f69"}
,"/home/rafael/Estudos JS/ufc-api/src/routes/eventRouter.js": {"path":"/home/rafael/Estudos JS/ufc-api/src/routes/eventRouter.js","statementMap":{"0":{"start":{"line":1,"column":19},"end":{"line":1,"column":37}},"1":{"start":{"line":2,"column":24},"end":{"line":2,"column":64}},"2":{"start":{"line":4,"column":15},"end":{"line":4,"column":23}},"3":{"start":{"line":6,"column":0},"end":{"line":6,"column":64}},"4":{"start":{"line":7,"column":0},"end":{"line":7,"column":46}},"5":{"start":{"line":8,"column":0},"end":{"line":8,"column":49}},"6":{"start":{"line":9,"column":0},"end":{"line":9,"column":48}},"7":{"start":{"line":10,"column":0},"end":{"line":10,"column":50}},"8":{"start":{"line":13,"column":0},"end":{"line":13,"column":24}}},"fnMap":{},"branchMap":{},"s":{"0":1,"1":1,"2":1,"3":1,"4":1,"5":1,"6":1,"7":1,"8":1},"f":{},"b":{},"_coverageSchema":"1a1c01bbd47fc00a2c39e90264f33305004495a9","hash":"df084c80cfc9d76bcf3915152e3eaf9c915c7888"}
,"/home/rafael/Estudos JS/ufc-api/src/routes/fightRouter.js": {"path":"/home/rafael/Estudos JS/ufc-api/src/routes/fightRouter.js","statementMap":{"0":{"start":{"line":1,"column":19},"end":{"line":1,"column":37}},"1":{"start":{"line":2,"column":24},"end":{"line":2,"column":64}},"2":{"start":{"line":4,"column":15},"end":{"line":4,"column":23}},"3":{"start":{"line":6,"column":0},"end":{"line":6,"column":46}},"4":{"start":{"line":8,"column":0},"end":{"line":8,"column":72}},"5":{"start":{"line":9,"column":0},"end":{"line":9,"column":66}},"6":{"start":{"line":10,"column":0},"end":{"line":10,"column":79}},"7":{"start":{"line":11,"column":0},"end":{"line":11,"column":49}},"8":{"start":{"line":12,"column":0},"end":{"line":12,"column":48}},"9":{"start":{"line":13,"column":0},"end":{"line":13,"column":50}},"10":{"start":{"line":16,"column":0},"end":{"line":16,"column":24}}},"fnMap":{},"branchMap":{},"s":{"0":1,"1":1,"2":1,"3":1,"4":1,"5":1,"6":1,"7":1,"8":1,"9":1,"10":1},"f":{},"b":{},"_coverageSchema":"1a1c01bbd47fc00a2c39e90264f33305004495a9","hash":"39ea0820e5919a1cd64141dca36c0f614c441579"}
,"/home/rafael/Estudos JS/ufc-api/src/routes/fighterRouter.js": {"path":"/home/rafael/Estudos JS/ufc-api/src/routes/fighterRouter.js","statementMap":{"0":{"start":{"line":1,"column":19},"end":{"line":1,"column":37}},"1":{"start":{"line":2,"column":26},"end":{"line":2,"column":68}},"2":{"start":{"line":4,"column":15},"end":{"line":4,"column":23}},"3":{"start":{"line":6,"column":0},"end":{"line":6,"column":53}},"4":{"start":{"line":7,"column":0},"end":{"line":7,"column":52}},"5":{"start":{"line":8,"column":0},"end":{"line":8,"column":55}},"6":{"start":{"line":10,"column":0},"end":{"line":10,"column":50}},"7":{"start":{"line":11,"column":0},"end":{"line":11,"column":50}},"8":{"start":{"line":14,"column":0},"end":{"line":14,"column":24}}},"fnMap":{},"branchMap":{},"s":{"0":1,"1":1,"2":1,"3":1,"4":1,"5":1,"6":1,"7":1,"8":1},"f":{},"b":{},"_coverageSchema":"1a1c01bbd47fc00a2c39e90264f33305004495a9","hash":"c2c4f1db76b1de0a0a6dc88753ad203b90ea644f"}
,"/home/rafael/Estudos JS/ufc-api/src/routes/rankingRouter.js": {"path":"/home/rafael/Estudos JS/ufc-api/src/routes/rankingRouter.js","statementMap":{"0":{"start":{"line":1,"column":19},"end":{"line":1,"column":37}},"1":{"start":{"line":2,"column":26},"end":{"line":2,"column":68}},"2":{"start":{"line":4,"column":15},"end":{"line":4,"column":23}},"3":{"start":{"line":6,"column":0},"end":{"line":6,"column":70}},"4":{"start":{"line":7,"column":0},"end":{"line":7,"column":53}},"5":{"start":{"line":8,"column":0},"end":{"line":8,"column":73}},"6":{"start":{"line":9,"column":0},"end":{"line":9,"column":70}},"7":{"start":{"line":10,"column":0},"end":{"line":10,"column":63}},"8":{"start":{"line":13,"column":0},"end":{"line":13,"column":24}}},"fnMap":{},"branchMap":{},"s":{"0":1,"1":1,"2":1,"3":1,"4":1,"5":1,"6":1,"7":1,"8":1},"f":{},"b":{},"_coverageSchema":"1a1c01bbd47fc00a2c39e90264f33305004495a9","hash":"87332be193023fc8bd478ea62b0f61e5e775442d"}
,"/home/rafael/Estudos JS/ufc-api/src/service/eventService.js": {"path":"/home/rafael/Estudos JS/ufc-api/src/service/eventService.js","statementMap":{"0":{"start":{"line":1,"column":15},"end":{"line":1,"column":35}},"1":{"start":{"line":2,"column":18},"end":{"line":2,"column":38}},"2":{"start":{"line":4,"column":20},"end":{"line":18,"column":1}},"3":{"start":{"line":11,"column":4},"end":{"line":17,"column":5}},"4":{"start":{"line":20,"column":21},"end":{"line":22,"column":1}},"5":{"start":{"line":21,"column":2},"end":{"line":21,"column":66}},"6":{"start":{"line":24,"column":26},"end":{"line":36,"column":1}},"7":{"start":{"line":25,"column":16},"end":{"line":25,"column":26}},"8":{"start":{"line":26,"column":2},"end":{"line":26,"column":26}},"9":{"start":{"line":28,"column":2},"end":{"line":35,"column":5}},"10":{"start":{"line":38,"column":20},"end":{"line":40,"column":1}},"11":{"start":{"line":39,"column":2},"end":{"line":39,"column":55}},"12":{"start":{"line":42,"column":20},"end":{"line":44,"column":1}},"13":{"start":{"line":43,"column":2},"end":{"line":43,"column":47}},"14":{"start":{"line":46,"column":0},"end":{"line":52,"column":2}}},"fnMap":{"0":{"name":"(anonymous_0)","decl":{"start":{"line":4,"column":20},"end":{"line":4,"column":21}},"loc":{"start":{"line":10,"column":5},"end":{"line":18,"column":1}},"line":10},"1":{"name":"(anonymous_1)","decl":{"start":{"line":20,"column":21},"end":{"line":20,"column":22}},"loc":{"start":{"line":20,"column":35},"end":{"line":22,"column":1}},"line":20},"2":{"name":"(anonymous_2)","decl":{"start":{"line":24,"column":26},"end":{"line":24,"column":27}},"loc":{"start":{"line":24,"column":38},"end":{"line":36,"column":1}},"line":24},"3":{"name":"(anonymous_3)","decl":{"start":{"line":38,"column":20},"end":{"line":38,"column":21}},"loc":{"start":{"line":38,"column":43},"end":{"line":40,"column":1}},"line":38},"4":{"name":"(anonymous_4)","decl":{"start":{"line":42,"column":20},"end":{"line":42,"column":21}},"loc":{"start":{"line":42,"column":34},"end":{"line":44,"column":1}},"line":42}},"branchMap":{},"s":{"0":1,"1":1,"2":1,"3":0,"4":1,"5":0,"6":1,"7":0,"8":0,"9":0,"10":1,"11":0,"12":1,"13":0,"14":1},"f":{"0":0,"1":0,"2":0,"3":0,"4":0},"b":{},"_coverageSchema":"1a1c01bbd47fc00a2c39e90264f33305004495a9","hash":"e01205bf7dbbbbb8e0a0820926b68698a3b219ba"}
,"/home/rafael/Estudos JS/ufc-api/src/service/fightService.js": {"path":"/home/rafael/Estudos JS/ufc-api/src/service/fightService.js","statementMap":{"0":{"start":{"line":1,"column":15},"end":{"line":1,"column":35}},"1":{"start":{"line":2,"column":18},"end":{"line":2,"column":38}},"2":{"start":{"line":3,"column":20},"end":{"line":3,"column":40}},"3":{"start":{"line":4,"column":18},"end":{"line":4,"column":38}},"4":{"start":{"line":6,"column":20},"end":{"line":28,"column":1}},"5":{"start":{"line":17,"column":4},"end":{"line":27,"column":5}},"6":{"start":{"line":30,"column":21},"end":{"line":32,"column":1}},"7":{"start":{"line":31,"column":2},"end":{"line":31,"column":66}},"8":{"start":{"line":34,"column":28},"end":{"line":44,"column":1}},"9":{"start":{"line":35,"column":2},"end":{"line":43,"column":5}},"10":{"start":{"line":46,"column":27},"end":{"line":54,"column":1}},"11":{"start":{"line":47,"column":2},"end":{"line":53,"column":4}},"12":{"start":{"line":56,"column":36},"end":{"line":115,"column":1}},"13":{"start":{"line":58,"column":26},"end":{"line":82,"column":4}},"14":{"start":{"line":84,"column":2},"end":{"line":114,"column":5}},"15":{"start":{"line":85,"column":23},"end":{"line":85,"column":54}},"16":{"start":{"line":86,"column":21},"end":{"line":86,"column":65}},"17":{"start":{"line":87,"column":20},"end":{"line":87,"column":63}},"18":{"start":{"line":89,"column":4},"end":{"line":113,"column":5}},"19":{"start":{"line":117,"column":20},"end":{"line":119,"column":1}},"20":{"start":{"line":118,"column":2},"end":{"line":118,"column":55}},"21":{"start":{"line":121,"column":20},"end":{"line":123,"column":1}},"22":{"start":{"line":122,"column":2},"end":{"line":122,"column":47}},"23":{"start":{"line":125,"column":0},"end":{"line":133,"column":2}}},"fnMap":{"0":{"name":"(anonymous_0)","decl":{"start":{"line":6,"column":20},"end":{"line":6,"column":21}},"loc":{"start":{"line":16,"column":5},"end":{"line":28,"column":1}},"line":16},"1":{"name":"(anonymous_1)","decl":{"start":{"line":30,"column":21},"end":{"line":30,"column":22}},"loc":{"start":{"line":30,"column":35},"end":{"line":32,"column":1}},"line":30},"2":{"name":"(anonymous_2)","decl":{"start":{"line":34,"column":28},"end":{"line":34,"column":29}},"loc":{"start":{"line":34,"column":42},"end":{"line":44,"column":1}},"line":34},"3":{"name":"(anonymous_3)","decl":{"start":{"line":46,"column":27},"end":{"line":46,"column":28}},"loc":{"start":{"line":46,"column":41},"end":{"line":54,"column":1}},"line":46},"4":{"name":"(anonymous_4)","decl":{"start":{"line":56,"column":36},"end":{"line":56,"column":37}},"loc":{"start":{"line":56,"column":49},"end":{"line":115,"column":1}},"line":56},"5":{"name":"(anonymous_5)","decl":{"start":{"line":84,"column":29},"end":{"line":84,"column":30}},"loc":{"start":{"line":84,"column":40},"end":{"line":114,"column":3}},"line":84},"6":{"name":"(anonymous_6)","decl":{"start":{"line":117,"column":20},"end":{"line":117,"column":21}},"loc":{"start":{"line":117,"column":43},"end":{"line":119,"column":1}},"line":117},"7":{"name":"(anonymous_7)","decl":{"start":{"line":121,"column":20},"end":{"line":121,"column":21}},"loc":{"start":{"line":121,"column":34},"end":{"line":123,"column":1}},"line":121}},"branchMap":{"0":{"loc":{"start":{"line":86,"column":21},"end":{"line":86,"column":65}},"type":"cond-expr","locations":[{"start":{"line":86,"column":34},"end":{"line":86,"column":48}},{"start":{"line":86,"column":51},"end":{"line":86,"column":65}}],"line":86},"1":{"loc":{"start":{"line":87,"column":20},"end":{"line":87,"column":63}},"type":"cond-expr","locations":[{"start":{"line":87,"column":33},"end":{"line":87,"column":47}},{"start":{"line":87,"column":49},"end":{"line":87,"column":63}}],"line":87}},"s":{"0":1,"1":1,"2":1,"3":1,"4":1,"5":0,"6":1,"7":0,"8":1,"9":0,"10":1,"11":0,"12":1,"13":0,"14":0,"15":0,"16":0,"17":0,"18":0,"19":1,"20":0,"21":1,"22":0,"23":1},"f":{"0":0,"1":0,"2":0,"3":0,"4":0,"5":0,"6":0,"7":0},"b":{"0":[0,0],"1":[0,0]},"_coverageSchema":"1a1c01bbd47fc00a2c39e90264f33305004495a9","hash":"084970e35ff3a39cc34485d1212b6469e18c46c1"}
,"/home/rafael/Estudos JS/ufc-api/src/service/fighterService.js": {"path":"/home/rafael/Estudos JS/ufc-api/src/service/fighterService.js","statementMap":{"0":{"start":{"line":1,"column":18},"end":{"line":1,"column":38}},"1":{"start":{"line":2,"column":20},"end":{"line":2,"column":40}},"2":{"start":{"line":4,"column":22},"end":{"line":28,"column":1}},"3":{"start":{"line":16,"column":4},"end":{"line":27,"column":5}},"4":{"start":{"line":30,"column":23},"end":{"line":32,"column":1}},"5":{"start":{"line":31,"column":4},"end":{"line":31,"column":70}},"6":{"start":{"line":34,"column":23},"end":{"line":36,"column":1}},"7":{"start":{"line":35,"column":4},"end":{"line":35,"column":65}},"8":{"start":{"line":38,"column":22},"end":{"line":41,"column":1}},"9":{"start":{"line":40,"column":4},"end":{"line":40,"column":59}},"10":{"start":{"line":43,"column":22},"end":{"line":45,"column":1}},"11":{"start":{"line":44,"column":4},"end":{"line":44,"column":51}},"12":{"start":{"line":47,"column":0},"end":{"line":53,"column":2}}},"fnMap":{"0":{"name":"(anonymous_0)","decl":{"start":{"line":4,"column":22},"end":{"line":4,"column":23}},"loc":{"start":{"line":15,"column":5},"end":{"line":28,"column":1}},"line":15},"1":{"name":"(anonymous_1)","decl":{"start":{"line":30,"column":23},"end":{"line":30,"column":24}},"loc":{"start":{"line":30,"column":37},"end":{"line":32,"column":1}},"line":30},"2":{"name":"(anonymous_2)","decl":{"start":{"line":34,"column":23},"end":{"line":34,"column":24}},"loc":{"start":{"line":34,"column":35},"end":{"line":36,"column":1}},"line":34},"3":{"name":"(anonymous_3)","decl":{"start":{"line":38,"column":22},"end":{"line":38,"column":23}},"loc":{"start":{"line":38,"column":45},"end":{"line":41,"column":1}},"line":38},"4":{"name":"(anonymous_4)","decl":{"start":{"line":43,"column":22},"end":{"line":43,"column":23}},"loc":{"start":{"line":43,"column":36},"end":{"line":45,"column":1}},"line":43}},"branchMap":{},"s":{"0":1,"1":1,"2":1,"3":7,"4":1,"5":3,"6":1,"7":1,"8":1,"9":1,"10":1,"11":1,"12":1},"f":{"0":7,"1":3,"2":1,"3":1,"4":1},"b":{},"_coverageSchema":"1a1c01bbd47fc00a2c39e90264f33305004495a9","hash":"cb0d9898f34be3d451a12331bfa79f6fb3df656a"}
,"/home/rafael/Estudos JS/ufc-api/src/service/rankingService.js": {"path":"/home/rafael/Estudos JS/ufc-api/src/service/rankingService.js","statementMap":{"0":{"start":{"line":1,"column":31},"end":{"line":1,"column":51}},"1":{"start":{"line":3,"column":28},"end":{"line":30,"column":1}},"2":{"start":{"line":4,"column":20},"end":{"line":4,"column":49}},"3":{"start":{"line":5,"column":2},"end":{"line":29,"column":3}},"4":{"start":{"line":6,"column":4},"end":{"line":23,"column":5}},"5":{"start":{"line":7,"column":28},"end":{"line":7,"column":104}},"6":{"start":{"line":8,"column":8},"end":{"line":22,"column":9}},"7":{"start":{"line":9,"column":10},"end":{"line":11,"column":11}},"8":{"start":{"line":10,"column":12},"end":{"line":10,"column":78}},"9":{"start":{"line":12,"column":12},"end":{"line":21,"column":13}},"10":{"start":{"line":25,"column":4},"end":{"line":25,"column":31}},"11":{"start":{"line":27,"column":4},"end":{"line":27,"column":33}},"12":{"start":{"line":28,"column":4},"end":{"line":28,"column":16}},"13":{"start":{"line":32,"column":21},"end":{"line":43,"column":1}},"14":{"start":{"line":33,"column":2},"end":{"line":35,"column":3}},"15":{"start":{"line":34,"column":4},"end":{"line":34,"column":17}},"16":{"start":{"line":37,"column":2},"end":{"line":40,"column":3}},"17":{"start":{"line":39,"column":4},"end":{"line":39,"column":17}},"18":{"start":{"line":42,"column":2},"end":{"line":42,"column":14}},"19":{"start":{"line":45,"column":36},"end":{"line":79,"column":1}},"20":{"start":{"line":46,"column":19},"end":{"line":59,"column":4}},"21":{"start":{"line":61,"column":18},"end":{"line":76,"column":10}},"22":{"start":{"line":62,"column":16},"end":{"line":62,"column":65}},"23":{"start":{"line":64,"column":4},"end":{"line":64,"column":33}},"24":{"start":{"line":64,"column":19},"end":{"line":64,"column":33}},"25":{"start":{"line":67,"column":6},"end":{"line":73,"column":9}},"26":{"start":{"line":75,"column":6},"end":{"line":75,"column":17}},"27":{"start":{"line":78,"column":2},"end":{"line":78,"column":17}},"28":{"start":{"line":81,"column":40},"end":{"line":89,"column":1}},"29":{"start":{"line":82,"column":2},"end":{"line":88,"column":5}},"30":{"start":{"line":92,"column":46},"end":{"line":101,"column":3}},"31":{"start":{"line":93,"column":4},"end":{"line":100,"column":7}},"32":{"start":{"line":104,"column":28},"end":{"line":115,"column":1}},"33":{"start":{"line":105,"column":4},"end":{"line":114,"column":7}},"34":{"start":{"line":117,"column":23},"end":{"line":133,"column":1}},"35":{"start":{"line":118,"column":4},"end":{"line":132,"column":7}},"36":{"start":{"line":135,"column":23},"end":{"line":137,"column":1}},"37":{"start":{"line":136,"column":2},"end":{"line":136,"column":48}},"38":{"start":{"line":139,"column":0},"end":{"line":146,"column":1}}},"fnMap":{"0":{"name":"(anonymous_0)","decl":{"start":{"line":3,"column":28},"end":{"line":3,"column":29}},"loc":{"start":{"line":3,"column":69},"end":{"line":30,"column":1}},"line":3},"1":{"name":"(anonymous_1)","decl":{"start":{"line":32,"column":21},"end":{"line":32,"column":22}},"loc":{"start":{"line":32,"column":72},"end":{"line":43,"column":1}},"line":32},"2":{"name":"(anonymous_2)","decl":{"start":{"line":45,"column":36},"end":{"line":45,"column":37}},"loc":{"start":{"line":45,"column":48},"end":{"line":79,"column":1}},"line":45},"3":{"name":"(anonymous_3)","decl":{"start":{"line":61,"column":34},"end":{"line":61,"column":35}},"loc":{"start":{"line":61,"column":52},"end":{"line":76,"column":5}},"line":61},"4":{"name":"(anonymous_4)","decl":{"start":{"line":81,"column":40},"end":{"line":81,"column":41}},"loc":{"start":{"line":81,"column":54},"end":{"line":89,"column":1}},"line":81},"5":{"name":"(anonymous_5)","decl":{"start":{"line":92,"column":46},"end":{"line":92,"column":47}},"loc":{"start":{"line":92,"column":75},"end":{"line":101,"column":3}},"line":92},"6":{"name":"(anonymous_6)","decl":{"start":{"line":104,"column":28},"end":{"line":104,"column":29}},"loc":{"start":{"line":104,"column":48},"end":{"line":115,"column":1}},"line":104},"7":{"name":"(anonymous_7)","decl":{"start":{"line":117,"column":23},"end":{"line":117,"column":24}},"loc":{"start":{"line":117,"column":35},"end":{"line":133,"column":1}},"line":117},"8":{"name":"(anonymous_8)","decl":{"start":{"line":135,"column":23},"end":{"line":135,"column":24}},"loc":{"start":{"line":135,"column":37},"end":{"line":137,"column":1}},"line":135}},"branchMap":{"0":{"loc":{"start":{"line":8,"column":8},"end":{"line":22,"column":9}},"type":"if","locations":[{"start":{"line":8,"column":8},"end":{"line":22,"column":9}},{"start":{},"end":{}}],"line":8},"1":{"loc":{"start":{"line":9,"column":10},"end":{"line":11,"column":11}},"type":"if","locations":[{"start":{"line":9,"column":10},"end":{"line":11,"column":11}},{"start":{},"end":{}}],"line":9},"2":{"loc":{"start":{"line":33,"column":2},"end":{"line":35,"column":3}},"type":"if","locations":[{"start":{"line":33,"column":2},"end":{"line":35,"column":3}},{"start":{},"end":{}}],"line":33},"3":{"loc":{"start":{"line":37,"column":2},"end":{"line":40,"column":3}},"type":"if","locations":[{"start":{"line":37,"column":2},"end":{"line":40,"column":3}},{"start":{},"end":{}}],"line":37},"4":{"loc":{"start":{"line":37,"column":6},"end":{"line":37,"column":67}},"type":"binary-expr","locations":[{"start":{"line":37,"column":6},"end":{"line":37,"column":19}},{"start":{"line":37,"column":23},"end":{"line":37,"column":67}}],"line":37},"5":{"loc":{"start":{"line":62,"column":16},"end":{"line":62,"column":65}},"type":"cond-expr","locations":[{"start":{"line":62,"column":41},"end":{"line":62,"column":46}},{"start":{"line":62,"column":49},"end":{"line":62,"column":65}}],"line":62},"6":{"loc":{"start":{"line":64,"column":4},"end":{"line":64,"column":33}},"type":"if","locations":[{"start":{"line":64,"column":4},"end":{"line":64,"column":33}},{"start":{},"end":{}}],"line":64}},"s":{"0":1,"1":1,"2":0,"3":0,"4":0,"5":0,"6":0,"7":0,"8":0,"9":0,"10":0,"11":0,"12":0,"13":1,"14":0,"15":0,"16":0,"17":0,"18":0,"19":1,"20":0,"21":0,"22":0,"23":0,"24":0,"25":0,"26":0,"27":0,"28":1,"29":0,"30":1,"31":0,"32":1,"33":0,"34":1,"35":0,"36":1,"37":0,"38":1},"f":{"0":0,"1":0,"2":0,"3":0,"4":0,"5":0,"6":0,"7":0,"8":0},"b":{"0":[0,0],"1":[0,0],"2":[0,0],"3":[0,0],"4":[0,0],"5":[0,0],"6":[0,0]},"_coverageSchema":"1a1c01bbd47fc00a2c39e90264f33305004495a9","hash":"80b536885f1f7d259604fcaae941bf743855d3a5"}
}
